E:\Learn\Computer Science\C++\Myprograms\FaceRecApp\FaceRecApp\Release\cl.command.1.tlog
E:\Learn\Computer Science\C++\Myprograms\FaceRecApp\FaceRecApp\Release\CL.read.1.tlog
E:\Learn\Computer Science\C++\Myprograms\FaceRecApp\FaceRecApp\Release\CL.write.1.tlog
E:\LEARN\COMPUTER SCIENCE\C++\MYPROGRAMS\FACERECAPP\FACERECAPP\RELEASE\CVVIMAGE.OBJ
E:\LEARN\COMPUTER SCIENCE\C++\MYPROGRAMS\FACERECAPP\FACERECAPP\RELEASE\FACEREC.OBJ
E:\LEARN\COMPUTER SCIENCE\C++\MYPROGRAMS\FACERECAPP\FACERECAPP\RELEASE\FACERECAPP.EXE.INTERMEDIATE.MANIFEST
E:\LEARN\COMPUTER SCIENCE\C++\MYPROGRAMS\FACERECAPP\FACERECAPP\RELEASE\FACERECAPP.OBJ
E:\LEARN\COMPUTER SCIENCE\C++\MYPROGRAMS\FACERECAPP\FACERECAPP\RELEASE\FACERECAPP.PCH
E:\LEARN\COMPUTER SCIENCE\C++\MYPROGRAMS\FACERECAPP\FACERECAPP\RELEASE\FACERECAPP.RES
E:\LEARN\COMPUTER SCIENCE\C++\MYPROGRAMS\FACERECAPP\FACERECAPP\RELEASE\FACERECAPPDLG.OBJ
E:\Learn\Computer Science\C++\Myprograms\FaceRecApp\FaceRecApp\Release\link.command.1.tlog
E:\Learn\Computer Science\C++\Myprograms\FaceRecApp\FaceRecApp\Release\link.read.1.tlog
E:\Learn\Computer Science\C++\Myprograms\FaceRecApp\FaceRecApp\Release\link.write.1.tlog
E:\Learn\Computer Science\C++\Myprograms\FaceRecApp\FaceRecApp\Release\link-cvtres.read.1.tlog
E:\Learn\Computer Science\C++\Myprograms\FaceRecApp\FaceRecApp\Release\link-cvtres.write.1.tlog
E:\Learn\Computer Science\C++\Myprograms\FaceRecApp\FaceRecApp\Release\mt.command.1.tlog
E:\Learn\Computer Science\C++\Myprograms\FaceRecApp\FaceRecApp\Release\mt.read.1.tlog
E:\Learn\Computer Science\C++\Myprograms\FaceRecApp\FaceRecApp\Release\mt.write.1.tlog
E:\LEARN\COMPUTER SCIENCE\C++\MYPROGRAMS\FACERECAPP\FACERECAPP\RELEASE\MYDIALOGSIGNUP.OBJ
E:\LEARN\COMPUTER SCIENCE\C++\MYPROGRAMS\FACERECAPP\FACERECAPP\RELEASE\PERSON.OBJ
E:\Learn\Computer Science\C++\Myprograms\FaceRecApp\FaceRecApp\Release\rc.command.1.tlog
E:\Learn\Computer Science\C++\Myprograms\FaceRecApp\FaceRecApp\Release\rc.read.1.tlog
E:\Learn\Computer Science\C++\Myprograms\FaceRecApp\FaceRecApp\Release\rc.write.1.tlog
E:\LEARN\COMPUTER SCIENCE\C++\MYPROGRAMS\FACERECAPP\FACERECAPP\RELEASE\STDAFX.OBJ
E:\LEARN\COMPUTER SCIENCE\C++\MYPROGRAMS\FACERECAPP\FACERECAPP\RELEASE\VC100.PDB
E:\LEARN\COMPUTER SCIENCE\C++\MYPROGRAMS\FACERECAPP\RELEASE\FACERECAPP.EXE
E:\LEARN\COMPUTER SCIENCE\C++\MYPROGRAMS\FACERECAPP\RELEASE\FACERECAPP.PDB
